Arguments: 
  /data/data/com.termux/files/usr/bin/node /data/data/com.termux/files/usr/share/yarn/bin/yarn.js add request-ip

PATH: 
  /data/data/com.termux/files/usr/bin

Yarn version: 
  1.22.19

Node version: 
  18.16.0

Platform: 
  android arm

Trace: 
  Error: EPERM: operation not permitted, symlink '../../../sshpk/bin/sshpk-conv' -> '/storage/emulated/0/api/node_modules/http-signature/node_modules/.bin/sshpk-conv'

npm manifest: 
  {
    "name": "1_primeira_api",
    "version": "1.0.0",
    "description": "",
    "main": "index.js",
    "scripts": {
      "test": "echo \"Error: no test specified\" && exit 1",
      "start": "nodemon ./index.js localhost 3000"
    },
    "keywords": [],
    "author": "Gabriel Tenório ",
    "license": "MIT",
    "dependencies": {
      "axios": "^1.4.0",
      "express": "^4.17.1",
      "node-fetch": "^2.6.1",
      "nodemon": "^2.0.12",
      "ytdownloader.js": "^1.0.9"
    }
  }

yarn manifest: 
  No manifest

Lockfile: 
  No lockfile
